<?xml version="1.0" encoding="UTF-8"?>
<!-- Generated by org.testng.reporters.JUnitReportReporter -->
<testsuite hostname="DESKTOP-JO135LO" failures="0" tests="2" name="TestComponents.DemoTestClass" time="29.695" errors="0" timestamp="2021-12-13T18:13:29 IST" skipped="0">
  <testcase classname="TestComponents.DemoTestClass" name="fligtTest" time="13.069"/>
  <system-out/>
  <testcase classname="TestComponents.DemoTestClass" name="fligtTest" time="16.626"/>
  <system-out/>
</testsuite> <!-- TestComponents.DemoTestClass -->
